The system is: Windows - 10.0.22000 - AMD64
Compiling the C compiler identification source file "CMakeCCompilerId.c" succeeded.
Compiler: C:/Program Files (x86)/Microsoft Visual Studio/2019/Community/VC/Tools/MSVC/14.29.30037/bin/Hostx64/x64/cl.exe 
Build flags: 
Id flags:  

The output was:
0
Оптимизирующий компилятор Microsoft (R) C/C++ версии 19.29.30040 для x64
(C) Корпорация Майкрософт (Microsoft Corporation).  Все права защищены.

CMakeCCompilerId.c
Microsoft (R) Incremental Linker Version 14.29.30040.0
Copyright (C) Microsoft Corporation.  All rights reserved.

/out:CMakeCCompilerId.exe 
CMakeCCompilerId.obj 


Compilation of the C compiler identification source "CMakeCCompilerId.c" produced "CMakeCCompilerId.exe"

Compilation of the C compiler identification source "CMakeCCompilerId.c" produced "CMakeCCompilerId.obj"

The C compiler identification is MSVC, found in "C:/Users/redfa/CLionProjects/untitled1/cmake-build-debug/CMakeFiles/3.20.2/CompilerIdC/CMakeCCompilerId.exe"

Detecting C compiler ABI info compiled with the following output:
Change Dir: C:/Users/redfa/CLionProjects/untitled1/cmake-build-debug/CMakeFiles/CMakeTmp

Run Build Command(s):nmake -f Makefile /nologo cmTC_52724\fast && 	"C:\Program Files (x86)\Microsoft Visual Studio\2019\Community\VC\Tools\MSVC\14.29.30037\bin\HostX64\x64\nmake.exe"  -f CMakeFiles\cmTC_52724.dir\build.make /nologo -L                  CMakeFiles\cmTC_52724.dir\build
Building C object CMakeFiles/cmTC_52724.dir/CMakeCCompilerABI.c.obj
	"C:\Program Files\JetBrains\CLion 2021.2\bin\cmake\win\bin\cmake.exe" -E cmake_cl_compile_depends --dep-file=CMakeFiles\cmTC_52724.dir\CMakeCCompilerABI.c.obj.d --working-dir=C:\Users\redfa\CLionProjects\untitled1\cmake-build-debug\CMakeFiles\CMakeTmp --filter-prefix="" -- C:\PROGRA~2\MIB055~1\2019\COMMUN~1\VC\Tools\MSVC\1429~1.300\bin\Hostx64\x64\cl.exe @C:\Users\redfa\AppData\Local\Temp\nm74BE.tmp
Linking C executable cmTC_52724.exe
	"C:\Program Files\JetBrains\CLion 2021.2\bin\cmake\win\bin\cmake.exe" -E vs_link_exe --intdir=CMakeFiles\cmTC_52724.dir --rc=C:\PROGRA~2\WI3CF2~1\10\bin\100190~1.0\x64\rc.exe --mt=C:\PROGRA~2\WI3CF2~1\10\bin\100190~1.0\x64\mt.exe --manifests -- C:\PROGRA~2\MIB055~1\2019\COMMUN~1\VC\Tools\MSVC\1429~1.300\bin\Hostx64\x64\link.exe /nologo @CMakeFiles\cmTC_52724.dir\objects1.rsp @C:\Users\redfa\AppData\Local\Temp\nm7675.tmp



The system is: Windows - 10.0.22000 - AMD64
Compiling the C compiler identification source file "CMakeCCompilerId.c" succeeded.
Compiler: C:/Program Files (x86)/Microsoft Visual Studio/2019/Community/VC/Tools/MSVC/14.29.30037/bin/Hostx64/x64/cl.exe 
Build flags: 
Id flags:  

The output was:
0
Оптимизирующий компилятор Microsoft (R) C/C++ версии 19.29.30040 для x64
(C) Корпорация Майкрософт (Microsoft Corporation).  Все права защищены.

CMakeCCompilerId.c
Microsoft (R) Incremental Linker Version 14.29.30040.0
Copyright (C) Microsoft Corporation.  All rights reserved.

/out:CMakeCCompilerId.exe 
CMakeCCompilerId.obj 


Compilation of the C compiler identification source "CMakeCCompilerId.c" produced "CMakeCCompilerId.exe"

Compilation of the C compiler identification source "CMakeCCompilerId.c" produced "CMakeCCompilerId.obj"

The C compiler identification is MSVC, found in "C:/Users/redfa/Documents/Java_projects/JavaFX3D_Test/native/cmake-build-debug/CMakeFiles/3.20.2/CompilerIdC/CMakeCCompilerId.exe"

Detecting C compiler ABI info compiled with the following output:
Change Dir: C:/Users/redfa/Documents/Java_projects/JavaFX3D_Test/native/cmake-build-debug/CMakeFiles/CMakeTmp

Run Build Command(s):nmake -f Makefile /nologo cmTC_2fe6c\fast && 	"C:\Program Files (x86)\Microsoft Visual Studio\2019\Community\VC\Tools\MSVC\14.29.30037\bin\HostX64\x64\nmake.exe"  -f CMakeFiles\cmTC_2fe6c.dir\build.make /nologo -L                  CMakeFiles\cmTC_2fe6c.dir\build
Building C object CMakeFiles/cmTC_2fe6c.dir/CMakeCCompilerABI.c.obj
	"C:\Program Files\JetBrains\CLion 2021.2\bin\cmake\win\bin\cmake.exe" -E cmake_cl_compile_depends --dep-file=CMakeFiles\cmTC_2fe6c.dir\CMakeCCompilerABI.c.obj.d --working-dir=C:\Users\redfa\Documents\Java_projects\JavaFX3D_Test\native\cmake-build-debug\CMakeFiles\CMakeTmp --filter-prefix="" -- C:\PROGRA~2\MIB055~1\2019\COMMUN~1\VC\Tools\MSVC\1429~1.300\bin\Hostx64\x64\cl.exe @C:\Users\redfa\AppData\Local\Temp\nm352D.tmp
Linking C executable cmTC_2fe6c.exe
	"C:\Program Files\JetBrains\CLion 2021.2\bin\cmake\win\bin\cmake.exe" -E vs_link_exe --intdir=CMakeFiles\cmTC_2fe6c.dir --rc=C:\PROGRA~2\WI3CF2~1\10\bin\100190~1.0\x64\rc.exe --mt=C:\PROGRA~2\WI3CF2~1\10\bin\100190~1.0\x64\mt.exe --manifests -- C:\PROGRA~2\MIB055~1\2019\COMMUN~1\VC\Tools\MSVC\1429~1.300\bin\Hostx64\x64\link.exe /nologo @CMakeFiles\cmTC_2fe6c.dir\objects1.rsp @C:\Users\redfa\AppData\Local\Temp\nm36D4.tmp



